<?xml version="1.0" encoding="UTF-8"?>
<!-- Generated by org.testng.reporters.JUnitReportReporter -->
<testsuite skipped="0" hostname="Bikashs-MacBook-Pro.local" name="test.LoginTest" tests="1" failures="0" timestamp="2020-12-04T17:06:22 MST" time="4.921" errors="0">
  <testcase name="validUserShouldBeAbleToLogin" time="4.921" classname="test.LoginTest"/>
  <system-out/>
</testsuite> <!-- test.LoginTest -->
