<?xml version="1.0" encoding="UTF-8"?>
<!-- Generated by org.testng.reporters.JUnitReportReporter -->
<testsuite skipped="0" hostname="Bikashs-MacBook-Pro.local" name="test.AddCustomerTest" tests="1" failures="0" timestamp="2020-12-17T15:36:15 MST" time="11.864" errors="0">
  <testcase name="userShouldBeAbleToCreateNewCustomer" time="11.864" classname="test.AddCustomerTest"/>
  <system-out/>
</testsuite> <!-- test.AddCustomerTest -->
